Using pre-set license
Built from '2020.3/staging' branch; Version is '2020.3.0f1 (c7b5465681fb) revision 13088070'; Using compiler version '192528614'; Build Type 'Release'
OS: 'Windows 10 Pro; OS build 22000.978; Version 2009; 64bit' Language: 'en' Physical Memory: 16316 MB
BatchMode: 1, IsHumanControllingUs: 0, StartBugReporterOnCrash: 0, Is64bit: 1, IsPro: 0

 COMMAND LINE ARGUMENTS:
C:\Program Files\Unity\Hub\Editor\2020.3.0f1\Editor\Unity.exe
-adb2
-batchMode
-noUpm
-name
AssetImportWorker1
-projectPath
C:/Users/Administrador/Moonquake Map
-logFile
Logs/AssetImportWorker1.log
-srvPort
60777
Successfully changed project path to: C:/Users/Administrador/Moonquake Map
C:/Users/Administrador/Moonquake Map
Using Asset Import Pipeline V2.
Refreshing native plugins compatible for Editor in 21.08 ms, found 0 plugins.
Preloading 0 native plugins for Editor in 0.00 ms.
Initialize engine version: 2020.3.0f1 (c7b5465681fb)
[Subsystems] Discovering subsystems at path C:/Program Files/Unity/Hub/Editor/2020.3.0f1/Editor/Data/Resources/UnitySubsystems
[Subsystems] Discovering subsystems at path C:/Users/Administrador/Moonquake Map/Assets
GfxDevice: creating device client; threaded=0
Direct3D:
    Version:  Direct3D 11.0 [level 11.1]
    Renderer: NVIDIA GeForce GTX 1650 (ID=0x1f82)
    Vendor:   
    VRAM:     3962 MB
    Driver:   27.21.14.5671
Initialize mono
Mono path[0] = 'C:/Program Files/Unity/Hub/Editor/2020.3.0f1/Editor/Data/Managed'
Mono path[1] = 'C:/Program Files/Unity/Hub/Editor/2020.3.0f1/Editor/Data/MonoBleedingEdge/lib/mono/unityjit'
Mono config path = 'C:/Program Files/Unity/Hub/Editor/2020.3.0f1/Editor/Data/MonoBleedingEdge/etc'
Using monoOptions --debugger-agent=transport=dt_socket,embedding=1,server=y,suspend=n,address=127.0.0.1:56608
Begin MonoManager ReloadAssembly
Registering precompiled unity dll's ...
Register platform support module: C:/Program Files/Unity/Hub/Editor/2020.3.0f1/Editor/Data/PlaybackEngines/WebGLSupport/UnityEditor.WebGL.Extensions.dll
Register platform support module: C:/Program Files/Unity/Hub/Editor/2020.3.0f1/Editor/Data/PlaybackEngines/WindowsStandaloneSupport/UnityEditor.WindowsStandalone.Extensions.dll
Registered in 0.003059 seconds.
Native extension for WindowsStandalone target not found
Native extension for WebGL target not found
Refreshing native plugins compatible for Editor in 20.78 ms, found 0 plugins.
Preloading 0 native plugins for Editor in 0.00 ms.
Invoked RoslynAnalysisRunner static constructor.
RoslynAnalysisRunner will not be running.
RoslynAnalysisRunner has terminated.
Mono: successfully reloaded assembly
- Completed reload, in  8.883 seconds
Platform modules already initialized, skipping
Registering precompiled user dll's ...
Registered in 0.001094 seconds.
Begin MonoManager ReloadAssembly
Native extension for WindowsStandalone target not found
Native extension for WebGL target not found
Refreshing native plugins compatible for Editor in 0.18 ms, found 0 plugins.
Preloading 0 native plugins for Editor in 0.00 ms.
Invoked RoslynAnalysisRunner static constructor.
RoslynAnalysisRunner will not be running.
RoslynAnalysisRunner has terminated.
Mono: successfully reloaded assembly
- Completed reload, in  0.733 seconds
Platform modules already initialized, skipping
========================================================================
Worker process is ready to serve import requests
Launched and connected shader compiler UnityShaderCompiler.exe after 0.03 seconds
Refreshing native plugins compatible for Editor in 0.28 ms, found 0 plugins.
Preloading 0 native plugins for Editor in 0.00 ms.
Unloading 1117 Unused Serialized files (Serialized files now loaded: 0)
System memory in use before: 70.2 MB.
System memory in use after: 70.3 MB.

Unloading 10 unused Assets to reduce memory usage. Loaded Objects now: 1576.
Total: 1.588400 ms (FindLiveObjects: 0.171400 ms CreateObjectMapping: 0.046400 ms MarkObjects: 1.302200 ms  DeleteObjects: 0.067000 ms)

========================================================================
Received Import Request.
  path: Assets/list.txt
  artifactKey: Guid(b17a7f2b381262b42ae78fd00966f168) Importer(815301076,1909f56bfc062723c751e8b465ee728b)
Start importing Assets/list.txt using Guid(b17a7f2b381262b42ae78fd00966f168) Importer(815301076,1909f56bfc062723c751e8b465ee728b)  -> (artifact id: 'be4296c210c92b14c0b033593ed62cd7') in 0.037287 seconds
  Import took 0.040314 seconds .

========================================================================
Received Prepare
Registering precompiled user dll's ...
Registered in 0.000847 seconds.
Begin MonoManager ReloadAssembly
Native extension for WindowsStandalone target not found
Native extension for WebGL target not found
Refreshing native plugins compatible for Editor in 0.18 ms, found 0 plugins.
Preloading 0 native plugins for Editor in 0.00 ms.
Invoked RoslynAnalysisRunner static constructor.
RoslynAnalysisRunner will not be running.
RoslynAnalysisRunner has terminated.
Mono: successfully reloaded assembly
- Completed reload, in  0.679 seconds
Platform modules already initialized, skipping
Refreshing native plugins compatible for Editor in 0.20 ms, found 0 plugins.
Preloading 0 native plugins for Editor in 0.00 ms.
Unloading 1112 Unused Serialized files (Serialized files now loaded: 0)
System memory in use before: 70.1 MB.
System memory in use after: 70.2 MB.

Unloading 5 unused Assets to reduce memory usage. Loaded Objects now: 1579.
Total: 1.495200 ms (FindLiveObjects: 0.198300 ms CreateObjectMapping: 0.051900 ms MarkObjects: 1.188600 ms  DeleteObjects: 0.054600 ms)

========================================================================
Received Prepare
Registering precompiled user dll's ...
Registered in 0.001059 seconds.
Begin MonoManager ReloadAssembly
Native extension for WindowsStandalone target not found
Native extension for WebGL target not found
Refreshing native plugins compatible for Editor in 0.21 ms, found 0 plugins.
Preloading 0 native plugins for Editor in 0.00 ms.
Invoked RoslynAnalysisRunner static constructor.
RoslynAnalysisRunner will not be running.
RoslynAnalysisRunner has terminated.
Mono: successfully reloaded assembly
- Completed reload, in  0.675 seconds
Platform modules already initialized, skipping
Refreshing native plugins compatible for Editor in 0.28 ms, found 0 plugins.
Preloading 0 native plugins for Editor in 0.00 ms.
Unloading 1112 Unused Serialized files (Serialized files now loaded: 0)
System memory in use before: 70.1 MB.
System memory in use after: 70.2 MB.

Unloading 5 unused Assets to reduce memory usage. Loaded Objects now: 1582.
Total: 2.525500 ms (FindLiveObjects: 0.198800 ms CreateObjectMapping: 0.054100 ms MarkObjects: 2.214400 ms  DeleteObjects: 0.056400 ms)

========================================================================
Received Prepare
Registering precompiled user dll's ...
Registered in 0.000934 seconds.
Begin MonoManager ReloadAssembly
Native extension for WindowsStandalone target not found
Native extension for WebGL target not found
Refreshing native plugins compatible for Editor in 0.20 ms, found 0 plugins.
Preloading 0 native plugins for Editor in 0.00 ms.
Invoked RoslynAnalysisRunner static constructor.
RoslynAnalysisRunner will not be running.
RoslynAnalysisRunner has terminated.
Mono: successfully reloaded assembly
- Completed reload, in  0.687 seconds
Platform modules already initialized, skipping
Refreshing native plugins compatible for Editor in 0.20 ms, found 0 plugins.
Preloading 0 native plugins for Editor in 0.00 ms.
Unloading 1112 Unused Serialized files (Serialized files now loaded: 0)
System memory in use before: 70.2 MB.
System memory in use after: 70.2 MB.

Unloading 5 unused Assets to reduce memory usage. Loaded Objects now: 1585.
Total: 2.209000 ms (FindLiveObjects: 0.239800 ms CreateObjectMapping: 0.068900 ms MarkObjects: 1.835300 ms  DeleteObjects: 0.064000 ms)

========================================================================
Received Prepare
Registering precompiled user dll's ...
Registered in 0.000994 seconds.
Begin MonoManager ReloadAssembly
Native extension for WindowsStandalone target not found
Native extension for WebGL target not found
Refreshing native plugins compatible for Editor in 0.18 ms, found 0 plugins.
Preloading 0 native plugins for Editor in 0.00 ms.
Invoked RoslynAnalysisRunner static constructor.
RoslynAnalysisRunner will not be running.
RoslynAnalysisRunner has terminated.
Mono: successfully reloaded assembly
- Completed reload, in  0.670 seconds
Platform modules already initialized, skipping
Refreshing native plugins compatible for Editor in 0.30 ms, found 0 plugins.
Preloading 0 native plugins for Editor in 0.00 ms.
Unloading 1112 Unused Serialized files (Serialized files now loaded: 0)
System memory in use before: 70.2 MB.
System memory in use after: 70.2 MB.

Unloading 5 unused Assets to reduce memory usage. Loaded Objects now: 1588.
Total: 1.819500 ms (FindLiveObjects: 0.199100 ms CreateObjectMapping: 0.058100 ms MarkObjects: 1.502400 ms  DeleteObjects: 0.058600 ms)

========================================================================
Received Prepare
Registering precompiled user dll's ...
Registered in 0.000939 seconds.
Begin MonoManager ReloadAssembly
Native extension for WindowsStandalone target not found
Native extension for WebGL target not found
Refreshing native plugins compatible for Editor in 0.19 ms, found 0 plugins.
Preloading 0 native plugins for Editor in 0.00 ms.
Invoked RoslynAnalysisRunner static constructor.
RoslynAnalysisRunner will not be running.
RoslynAnalysisRunner has terminated.
Mono: successfully reloaded assembly
- Completed reload, in  0.671 seconds
Platform modules already initialized, skipping
Refreshing native plugins compatible for Editor in 0.29 ms, found 0 plugins.
Preloading 0 native plugins for Editor in 0.00 ms.
Unloading 1112 Unused Serialized files (Serialized files now loaded: 0)
System memory in use before: 70.2 MB.
System memory in use after: 70.2 MB.

Unloading 5 unused Assets to reduce memory usage. Loaded Objects now: 1591.
Total: 1.527000 ms (FindLiveObjects: 0.154000 ms CreateObjectMapping: 0.036700 ms MarkObjects: 1.280100 ms  DeleteObjects: 0.054600 ms)

========================================================================
Received Prepare
Registering precompiled user dll's ...
Registered in 0.000994 seconds.
Begin MonoManager ReloadAssembly
Native extension for WindowsStandalone target not found
Native extension for WebGL target not found
Refreshing native plugins compatible for Editor in 0.19 ms, found 0 plugins.
Preloading 0 native plugins for Editor in 0.00 ms.
Invoked RoslynAnalysisRunner static constructor.
RoslynAnalysisRunner will not be running.
RoslynAnalysisRunner has terminated.
Mono: successfully reloaded assembly
- Completed reload, in  0.690 seconds
Platform modules already initialized, skipping
Refreshing native plugins compatible for Editor in 0.32 ms, found 0 plugins.
Preloading 0 native plugins for Editor in 0.00 ms.
Unloading 1112 Unused Serialized files (Serialized files now loaded: 0)
System memory in use before: 70.2 MB.
System memory in use after: 70.3 MB.

Unloading 5 unused Assets to reduce memory usage. Loaded Objects now: 1594.
Total: 1.831500 ms (FindLiveObjects: 0.142600 ms CreateObjectMapping: 0.035400 ms MarkObjects: 1.592800 ms  DeleteObjects: 0.059300 ms)

========================================================================
Received Prepare
Registering precompiled user dll's ...
Registered in 0.000939 seconds.
Begin MonoManager ReloadAssembly
Native extension for WindowsStandalone target not found
Native extension for WebGL target not found
Refreshing native plugins compatible for Editor in 0.18 ms, found 0 plugins.
Preloading 0 native plugins for Editor in 0.00 ms.
Invoked RoslynAnalysisRunner static constructor.
RoslynAnalysisRunner will not be running.
RoslynAnalysisRunner has terminated.
Mono: successfully reloaded assembly
- Completed reload, in  0.676 seconds
Platform modules already initialized, skipping
Refreshing native plugins compatible for Editor in 0.28 ms, found 0 plugins.
Preloading 0 native plugins for Editor in 0.00 ms.
Unloading 1112 Unused Serialized files (Serialized files now loaded: 0)
System memory in use before: 70.2 MB.
System memory in use after: 70.3 MB.

Unloading 5 unused Assets to reduce memory usage. Loaded Objects now: 1597.
Total: 3.350600 ms (FindLiveObjects: 0.188700 ms CreateObjectMapping: 0.051000 ms MarkObjects: 3.029400 ms  DeleteObjects: 0.079700 ms)

========================================================================
Received Prepare
Registering precompiled user dll's ...
Registered in 0.000852 seconds.
Begin MonoManager ReloadAssembly
Native extension for WindowsStandalone target not found
Native extension for WebGL target not found
Refreshing native plugins compatible for Editor in 0.19 ms, found 0 plugins.
Preloading 0 native plugins for Editor in 0.00 ms.
Invoked RoslynAnalysisRunner static constructor.
RoslynAnalysisRunner will not be running.
RoslynAnalysisRunner has terminated.
Mono: successfully reloaded assembly
- Completed reload, in  0.694 seconds
Platform modules already initialized, skipping
Refreshing native plugins compatible for Editor in 0.45 ms, found 0 plugins.
Preloading 0 native plugins for Editor in 0.00 ms.
Unloading 1112 Unused Serialized files (Serialized files now loaded: 0)
System memory in use before: 70.2 MB.
System memory in use after: 70.3 MB.

Unloading 5 unused Assets to reduce memory usage. Loaded Objects now: 1600.
Total: 2.334700 ms (FindLiveObjects: 0.209500 ms CreateObjectMapping: 0.055400 ms MarkObjects: 1.995700 ms  DeleteObjects: 0.072200 ms)

========================================================================
Received Prepare
Registering precompiled user dll's ...
Registered in 0.000976 seconds.
Begin MonoManager ReloadAssembly
Native extension for WindowsStandalone target not found
Native extension for WebGL target not found
Refreshing native plugins compatible for Editor in 0.19 ms, found 0 plugins.
Preloading 0 native plugins for Editor in 0.00 ms.
Invoked RoslynAnalysisRunner static constructor.
RoslynAnalysisRunner will not be running.
RoslynAnalysisRunner has terminated.
Mono: successfully reloaded assembly
- Completed reload, in  0.697 seconds
Platform modules already initialized, skipping
Refreshing native plugins compatible for Editor in 0.20 ms, found 0 plugins.
Preloading 0 native plugins for Editor in 0.00 ms.
Unloading 1112 Unused Serialized files (Serialized files now loaded: 0)
System memory in use before: 70.2 MB.
System memory in use after: 70.3 MB.

Unloading 5 unused Assets to reduce memory usage. Loaded Objects now: 1603.
Total: 1.566500 ms (FindLiveObjects: 0.132200 ms CreateObjectMapping: 0.034400 ms MarkObjects: 1.342800 ms  DeleteObjects: 0.055900 ms)

========================================================================
Received Prepare
Registering precompiled user dll's ...
Registered in 0.000881 seconds.
Begin MonoManager ReloadAssembly
Native extension for WindowsStandalone target not found
Native extension for WebGL target not found
Refreshing native plugins compatible for Editor in 0.18 ms, found 0 plugins.
Preloading 0 native plugins for Editor in 0.00 ms.
Invoked RoslynAnalysisRunner static constructor.
RoslynAnalysisRunner will not be running.
RoslynAnalysisRunner has terminated.
Mono: successfully reloaded assembly
- Completed reload, in  0.676 seconds
Platform modules already initialized, skipping
Refreshing native plugins compatible for Editor in 0.22 ms, found 0 plugins.
Preloading 0 native plugins for Editor in 0.00 ms.
Unloading 1112 Unused Serialized files (Serialized files now loaded: 0)
System memory in use before: 70.2 MB.
System memory in use after: 70.3 MB.

Unloading 5 unused Assets to reduce memory usage. Loaded Objects now: 1606.
Total: 2.236500 ms (FindLiveObjects: 0.235100 ms CreateObjectMapping: 0.066000 ms MarkObjects: 1.856900 ms  DeleteObjects: 0.077100 ms)

========================================================================
Received Prepare
Registering precompiled user dll's ...
Registered in 0.000926 seconds.
Begin MonoManager ReloadAssembly
Native extension for WindowsStandalone target not found
Native extension for WebGL target not found
Refreshing native plugins compatible for Editor in 0.19 ms, found 0 plugins.
Preloading 0 native plugins for Editor in 0.00 ms.
Invoked RoslynAnalysisRunner static constructor.
RoslynAnalysisRunner will not be running.
RoslynAnalysisRunner has terminated.
Mono: successfully reloaded assembly
- Completed reload, in  0.681 seconds
Platform modules already initialized, skipping
Refreshing native plugins compatible for Editor in 0.21 ms, found 0 plugins.
Preloading 0 native plugins for Editor in 0.00 ms.
Unloading 1112 Unused Serialized files (Serialized files now loaded: 0)
System memory in use before: 70.3 MB.
System memory in use after: 70.3 MB.

Unloading 5 unused Assets to reduce memory usage. Loaded Objects now: 1609.
Total: 1.657000 ms (FindLiveObjects: 0.191900 ms CreateObjectMapping: 0.048500 ms MarkObjects: 1.354200 ms  DeleteObjects: 0.061100 ms)

========================================================================
Received Prepare
Registering precompiled user dll's ...
Registered in 0.001145 seconds.
Begin MonoManager ReloadAssembly
Native extension for WindowsStandalone target not found
Native extension for WebGL target not found
Refreshing native plugins compatible for Editor in 0.21 ms, found 0 plugins.
Preloading 0 native plugins for Editor in 0.00 ms.
Invoked RoslynAnalysisRunner static constructor.
RoslynAnalysisRunner will not be running.
RoslynAnalysisRunner has terminated.
Mono: successfully reloaded assembly
- Completed reload, in  0.685 seconds
Platform modules already initialized, skipping
Refreshing native plugins compatible for Editor in 0.19 ms, found 0 plugins.
Preloading 0 native plugins for Editor in 0.00 ms.
Unloading 1112 Unused Serialized files (Serialized files now loaded: 0)
System memory in use before: 70.3 MB.
System memory in use after: 70.3 MB.

Unloading 5 unused Assets to reduce memory usage. Loaded Objects now: 1612.
Total: 1.572700 ms (FindLiveObjects: 0.207600 ms CreateObjectMapping: 0.058700 ms MarkObjects: 1.245200 ms  DeleteObjects: 0.060100 ms)

========================================================================
Received Prepare
Registering precompiled user dll's ...
Registered in 0.000931 seconds.
Begin MonoManager ReloadAssembly
Native extension for WindowsStandalone target not found
Native extension for WebGL target not found
Refreshing native plugins compatible for Editor in 0.19 ms, found 0 plugins.
Preloading 0 native plugins for Editor in 0.00 ms.
Invoked RoslynAnalysisRunner static constructor.
RoslynAnalysisRunner will not be running.
RoslynAnalysisRunner has terminated.
Mono: successfully reloaded assembly
- Completed reload, in  0.677 seconds
Platform modules already initialized, skipping
Refreshing native plugins compatible for Editor in 0.31 ms, found 0 plugins.
Preloading 0 native plugins for Editor in 0.00 ms.
Unloading 1112 Unused Serialized files (Serialized files now loaded: 0)
System memory in use before: 70.3 MB.
System memory in use after: 70.3 MB.

Unloading 5 unused Assets to reduce memory usage. Loaded Objects now: 1615.
Total: 1.516000 ms (FindLiveObjects: 0.139800 ms CreateObjectMapping: 0.036600 ms MarkObjects: 1.275500 ms  DeleteObjects: 0.062600 ms)

========================================================================
Received Prepare
Registering precompiled user dll's ...
Registered in 0.001217 seconds.
Begin MonoManager ReloadAssembly
Native extension for WindowsStandalone target not found
Native extension for WebGL target not found
Refreshing native plugins compatible for Editor in 0.21 ms, found 0 plugins.
Preloading 0 native plugins for Editor in 0.00 ms.
Invoked RoslynAnalysisRunner static constructor.
RoslynAnalysisRunner will not be running.
RoslynAnalysisRunner has terminated.
Mono: successfully reloaded assembly
- Completed reload, in  0.679 seconds
Platform modules already initialized, skipping
Refreshing native plugins compatible for Editor in 0.21 ms, found 0 plugins.
Preloading 0 native plugins for Editor in 0.00 ms.
Unloading 1112 Unused Serialized files (Serialized files now loaded: 0)
System memory in use before: 70.3 MB.
System memory in use after: 70.3 MB.

Unloading 5 unused Assets to reduce memory usage. Loaded Objects now: 1618.
Total: 1.683200 ms (FindLiveObjects: 0.152400 ms CreateObjectMapping: 0.036200 ms MarkObjects: 1.432100 ms  DeleteObjects: 0.060300 ms)

========================================================================
Received Prepare
Registering precompiled user dll's ...
Registered in 0.001066 seconds.
Begin MonoManager ReloadAssembly
Native extension for WindowsStandalone target not found
Native extension for WebGL target not found
Refreshing native plugins compatible for Editor in 0.19 ms, found 0 plugins.
Preloading 0 native plugins for Editor in 0.00 ms.
Invoked RoslynAnalysisRunner static constructor.
RoslynAnalysisRunner will not be running.
RoslynAnalysisRunner has terminated.
Mono: successfully reloaded assembly
- Completed reload, in  0.678 seconds
Platform modules already initialized, skipping
Refreshing native plugins compatible for Editor in 0.19 ms, found 0 plugins.
Preloading 0 native plugins for Editor in 0.00 ms.
Unloading 1112 Unused Serialized files (Serialized files now loaded: 0)
System memory in use before: 70.3 MB.
System memory in use after: 70.3 MB.

Unloading 5 unused Assets to reduce memory usage. Loaded Objects now: 1621.
Total: 1.638700 ms (FindLiveObjects: 0.136500 ms CreateObjectMapping: 0.035600 ms MarkObjects: 1.411600 ms  DeleteObjects: 0.054100 ms)

========================================================================
Received Prepare
Registering precompiled user dll's ...
Registered in 0.000958 seconds.
Begin MonoManager ReloadAssembly
Native extension for WindowsStandalone target not found
Native extension for WebGL target not found
Refreshing native plugins compatible for Editor in 0.18 ms, found 0 plugins.
Preloading 0 native plugins for Editor in 0.00 ms.
Invoked RoslynAnalysisRunner static constructor.
RoslynAnalysisRunner will not be running.
RoslynAnalysisRunner has terminated.
Mono: successfully reloaded assembly
- Completed reload, in  0.667 seconds
Platform modules already initialized, skipping
Refreshing native plugins compatible for Editor in 0.30 ms, found 0 plugins.
Preloading 0 native plugins for Editor in 0.00 ms.
Unloading 1112 Unused Serialized files (Serialized files now loaded: 0)
System memory in use before: 70.3 MB.
System memory in use after: 70.4 MB.

Unloading 5 unused Assets to reduce memory usage. Loaded Objects now: 1624.
Total: 1.560500 ms (FindLiveObjects: 0.155100 ms CreateObjectMapping: 0.042200 ms MarkObjects: 1.295100 ms  DeleteObjects: 0.066900 ms)

========================================================================
Received Prepare
Registering precompiled user dll's ...
Registered in 0.000943 seconds.
Begin MonoManager ReloadAssembly
Native extension for WindowsStandalone target not found
Native extension for WebGL target not found
Refreshing native plugins compatible for Editor in 0.18 ms, found 0 plugins.
Preloading 0 native plugins for Editor in 0.00 ms.
Invoked RoslynAnalysisRunner static constructor.
RoslynAnalysisRunner will not be running.
RoslynAnalysisRunner has terminated.
Mono: successfully reloaded assembly
- Completed reload, in  0.688 seconds
Platform modules already initialized, skipping
Refreshing native plugins compatible for Editor in 0.19 ms, found 0 plugins.
Preloading 0 native plugins for Editor in 0.00 ms.
Unloading 1112 Unused Serialized files (Serialized files now loaded: 0)
System memory in use before: 70.3 MB.
System memory in use after: 70.4 MB.

Unloading 5 unused Assets to reduce memory usage. Loaded Objects now: 1627.
Total: 1.551700 ms (FindLiveObjects: 0.198600 ms CreateObjectMapping: 0.052300 ms MarkObjects: 1.245800 ms  DeleteObjects: 0.053500 ms)

========================================================================
Received Prepare
Registering precompiled user dll's ...
Registered in 0.000887 seconds.
Begin MonoManager ReloadAssembly
Native extension for WindowsStandalone target not found
Native extension for WebGL target not found
Refreshing native plugins compatible for Editor in 0.21 ms, found 0 plugins.
Preloading 0 native plugins for Editor in 0.00 ms.
Invoked RoslynAnalysisRunner static constructor.
RoslynAnalysisRunner will not be running.
RoslynAnalysisRunner has terminated.
Mono: successfully reloaded assembly
- Completed reload, in  0.679 seconds
Platform modules already initialized, skipping
Refreshing native plugins compatible for Editor in 0.21 ms, found 0 plugins.
Preloading 0 native plugins for Editor in 0.00 ms.
Unloading 1112 Unused Serialized files (Serialized files now loaded: 0)
System memory in use before: 70.3 MB.
System memory in use after: 70.4 MB.

Unloading 5 unused Assets to reduce memory usage. Loaded Objects now: 1630.
Total: 1.804200 ms (FindLiveObjects: 0.205500 ms CreateObjectMapping: 0.051500 ms MarkObjects: 1.482400 ms  DeleteObjects: 0.063400 ms)

========================================================================
Received Prepare
Registering precompiled user dll's ...
Registered in 0.001085 seconds.
Begin MonoManager ReloadAssembly
Native extension for WindowsStandalone target not found
Native extension for WebGL target not found
Refreshing native plugins compatible for Editor in 0.19 ms, found 0 plugins.
Preloading 0 native plugins for Editor in 0.00 ms.
Invoked RoslynAnalysisRunner static constructor.
RoslynAnalysisRunner will not be running.
RoslynAnalysisRunner has terminated.
Mono: successfully reloaded assembly
- Completed reload, in  0.698 seconds
Platform modules already initialized, skipping
Refreshing native plugins compatible for Editor in 0.19 ms, found 0 plugins.
Preloading 0 native plugins for Editor in 0.00 ms.
Unloading 1112 Unused Serialized files (Serialized files now loaded: 0)
System memory in use before: 70.3 MB.
System memory in use after: 70.4 MB.

Unloading 5 unused Assets to reduce memory usage. Loaded Objects now: 1633.
Total: 1.669600 ms (FindLiveObjects: 0.252300 ms CreateObjectMapping: 0.069200 ms MarkObjects: 1.291400 ms  DeleteObjects: 0.055100 ms)

========================================================================
Received Prepare
Registering precompiled user dll's ...
Registered in 0.001075 seconds.
Begin MonoManager ReloadAssembly
Native extension for WindowsStandalone target not found
Native extension for WebGL target not found
Refreshing native plugins compatible for Editor in 0.19 ms, found 0 plugins.
Preloading 0 native plugins for Editor in 0.00 ms.
Invoked RoslynAnalysisRunner static constructor.
RoslynAnalysisRunner will not be running.
RoslynAnalysisRunner has terminated.
Mono: successfully reloaded assembly
- Completed reload, in  0.671 seconds
Platform modules already initialized, skipping
Refreshing native plugins compatible for Editor in 0.28 ms, found 0 plugins.
Preloading 0 native plugins for Editor in 0.00 ms.
Unloading 1112 Unused Serialized files (Serialized files now loaded: 0)
System memory in use before: 70.3 MB.
System memory in use after: 70.4 MB.

Unloading 5 unused Assets to reduce memory usage. Loaded Objects now: 1636.
Total: 2.331100 ms (FindLiveObjects: 0.199500 ms CreateObjectMapping: 0.052400 ms MarkObjects: 2.007800 ms  DeleteObjects: 0.070000 ms)

========================================================================
Received Prepare
Registering precompiled user dll's ...
Registered in 0.001112 seconds.
Begin MonoManager ReloadAssembly
Native extension for WindowsStandalone target not found
Native extension for WebGL target not found
Refreshing native plugins compatible for Editor in 0.19 ms, found 0 plugins.
Preloading 0 native plugins for Editor in 0.00 ms.
Invoked RoslynAnalysisRunner static constructor.
RoslynAnalysisRunner will not be running.
RoslynAnalysisRunner has terminated.
Mono: successfully reloaded assembly
- Completed reload, in  0.675 seconds
Platform modules already initialized, skipping
Refreshing native plugins compatible for Editor in 0.21 ms, found 0 plugins.
Preloading 0 native plugins for Editor in 0.00 ms.
Unloading 1112 Unused Serialized files (Serialized files now loaded: 0)
System memory in use before: 70.3 MB.
System memory in use after: 70.4 MB.

Unloading 5 unused Assets to reduce memory usage. Loaded Objects now: 1639.
Total: 2.079800 ms (FindLiveObjects: 0.198600 ms CreateObjectMapping: 0.051600 ms MarkObjects: 1.763300 ms  DeleteObjects: 0.064800 ms)

========================================================================
Received Prepare
Registering precompiled user dll's ...
Registered in 0.001180 seconds.
Begin MonoManager ReloadAssembly
Native extension for WindowsStandalone target not found
Native extension for WebGL target not found
Refreshing native plugins compatible for Editor in 0.19 ms, found 0 plugins.
Preloading 0 native plugins for Editor in 0.00 ms.
Invoked RoslynAnalysisRunner static constructor.
RoslynAnalysisRunner will not be running.
RoslynAnalysisRunner has terminated.
Mono: successfully reloaded assembly
- Completed reload, in  0.676 seconds
Platform modules already initialized, skipping
Refreshing native plugins compatible for Editor in 0.30 ms, found 0 plugins.
Preloading 0 native plugins for Editor in 0.00 ms.
Unloading 1112 Unused Serialized files (Serialized files now loaded: 0)
System memory in use before: 70.3 MB.
System memory in use after: 70.4 MB.

Unloading 5 unused Assets to reduce memory usage. Loaded Objects now: 1642.
Total: 1.612500 ms (FindLiveObjects: 0.163400 ms CreateObjectMapping: 0.038200 ms MarkObjects: 1.353200 ms  DeleteObjects: 0.056600 ms)

========================================================================
Received Prepare
Registering precompiled user dll's ...
Registered in 0.001016 seconds.
Begin MonoManager ReloadAssembly
Native extension for WindowsStandalone target not found
Native extension for WebGL target not found
Refreshing native plugins compatible for Editor in 0.18 ms, found 0 plugins.
Preloading 0 native plugins for Editor in 0.00 ms.
Invoked RoslynAnalysisRunner static constructor.
RoslynAnalysisRunner will not be running.
RoslynAnalysisRunner has terminated.
Mono: successfully reloaded assembly
- Completed reload, in  0.679 seconds
Platform modules already initialized, skipping
Refreshing native plugins compatible for Editor in 0.19 ms, found 0 plugins.
Preloading 0 native plugins for Editor in 0.00 ms.
Unloading 1112 Unused Serialized files (Serialized files now loaded: 0)
System memory in use before: 70.3 MB.
System memory in use after: 70.4 MB.

Unloading 5 unused Assets to reduce memory usage. Loaded Objects now: 1645.
Total: 2.146800 ms (FindLiveObjects: 0.158000 ms CreateObjectMapping: 0.053400 ms MarkObjects: 1.866300 ms  DeleteObjects: 0.067500 ms)

========================================================================
Received Prepare
Registering precompiled user dll's ...
Registered in 0.000918 seconds.
Begin MonoManager ReloadAssembly
Native extension for WindowsStandalone target not found
Native extension for WebGL target not found
Refreshing native plugins compatible for Editor in 0.18 ms, found 0 plugins.
Preloading 0 native plugins for Editor in 0.00 ms.
Invoked RoslynAnalysisRunner static constructor.
RoslynAnalysisRunner will not be running.
RoslynAnalysisRunner has terminated.
Mono: successfully reloaded assembly
- Completed reload, in  0.679 seconds
Platform modules already initialized, skipping
Refreshing native plugins compatible for Editor in 0.29 ms, found 0 plugins.
Preloading 0 native plugins for Editor in 0.00 ms.
Unloading 1112 Unused Serialized files (Serialized files now loaded: 0)
System memory in use before: 70.3 MB.
System memory in use after: 70.4 MB.

Unloading 5 unused Assets to reduce memory usage. Loaded Objects now: 1648.
Total: 1.908400 ms (FindLiveObjects: 0.246000 ms CreateObjectMapping: 0.073600 ms MarkObjects: 1.525600 ms  DeleteObjects: 0.061700 ms)

========================================================================
Received Prepare
Registering precompiled user dll's ...
Registered in 0.001086 seconds.
Begin MonoManager ReloadAssembly
Native extension for WindowsStandalone target not found
Native extension for WebGL target not found
Refreshing native plugins compatible for Editor in 0.19 ms, found 0 plugins.
Preloading 0 native plugins for Editor in 0.00 ms.
Invoked RoslynAnalysisRunner static constructor.
RoslynAnalysisRunner will not be running.
RoslynAnalysisRunner has terminated.
Mono: successfully reloaded assembly
- Completed reload, in  0.697 seconds
Platform modules already initialized, skipping
Refreshing native plugins compatible for Editor in 0.31 ms, found 0 plugins.
Preloading 0 native plugins for Editor in 0.00 ms.
Unloading 1112 Unused Serialized files (Serialized files now loaded: 0)
System memory in use before: 70.3 MB.
System memory in use after: 70.4 MB.

Unloading 5 unused Assets to reduce memory usage. Loaded Objects now: 1651.
Total: 2.385300 ms (FindLiveObjects: 0.461800 ms CreateObjectMapping: 0.089600 ms MarkObjects: 1.766700 ms  DeleteObjects: 0.065600 ms)

========================================================================
Received Prepare
Registering precompiled user dll's ...
Registered in 0.000872 seconds.
Begin MonoManager ReloadAssembly
Native extension for WindowsStandalone target not found
Native extension for WebGL target not found
Refreshing native plugins compatible for Editor in 0.20 ms, found 0 plugins.
Preloading 0 native plugins for Editor in 0.00 ms.
Invoked RoslynAnalysisRunner static constructor.
RoslynAnalysisRunner will not be running.
RoslynAnalysisRunner has terminated.
Mono: successfully reloaded assembly
- Completed reload, in  0.663 seconds
Platform modules already initialized, skipping
Refreshing native plugins compatible for Editor in 0.29 ms, found 0 plugins.
Preloading 0 native plugins for Editor in 0.00 ms.
Unloading 1112 Unused Serialized files (Serialized files now loaded: 0)
System memory in use before: 70.3 MB.
System memory in use after: 70.4 MB.

Unloading 5 unused Assets to reduce memory usage. Loaded Objects now: 1654.
Total: 1.846000 ms (FindLiveObjects: 0.352200 ms CreateObjectMapping: 0.068400 ms MarkObjects: 1.365000 ms  DeleteObjects: 0.058500 ms)

========================================================================
Received Prepare
Registering precompiled user dll's ...
Registered in 0.001122 seconds.
Begin MonoManager ReloadAssembly
Native extension for WindowsStandalone target not found
Native extension for WebGL target not found
Refreshing native plugins compatible for Editor in 0.18 ms, found 0 plugins.
Preloading 0 native plugins for Editor in 0.00 ms.
Invoked RoslynAnalysisRunner static constructor.
RoslynAnalysisRunner will not be running.
RoslynAnalysisRunner has terminated.
Mono: successfully reloaded assembly
- Completed reload, in  0.677 seconds
Platform modules already initialized, skipping
Refreshing native plugins compatible for Editor in 0.21 ms, found 0 plugins.
Preloading 0 native plugins for Editor in 0.00 ms.
Unloading 1112 Unused Serialized files (Serialized files now loaded: 0)
System memory in use before: 70.3 MB.
System memory in use after: 70.4 MB.

Unloading 5 unused Assets to reduce memory usage. Loaded Objects now: 1657.
Total: 1.772500 ms (FindLiveObjects: 0.169200 ms CreateObjectMapping: 0.042800 ms MarkObjects: 1.501800 ms  DeleteObjects: 0.057500 ms)

========================================================================
Received Prepare
Registering precompiled user dll's ...
Registered in 0.000851 seconds.
Begin MonoManager ReloadAssembly
Native extension for WindowsStandalone target not found
Native extension for WebGL target not found
Refreshing native plugins compatible for Editor in 0.19 ms, found 0 plugins.
Preloading 0 native plugins for Editor in 0.00 ms.
Invoked RoslynAnalysisRunner static constructor.
RoslynAnalysisRunner will not be running.
RoslynAnalysisRunner has terminated.
Mono: successfully reloaded assembly
- Completed reload, in  0.680 seconds
Platform modules already initialized, skipping
Refreshing native plugins compatible for Editor in 0.20 ms, found 0 plugins.
Preloading 0 native plugins for Editor in 0.00 ms.
Unloading 1112 Unused Serialized files (Serialized files now loaded: 0)
System memory in use before: 70.3 MB.
System memory in use after: 70.4 MB.

Unloading 5 unused Assets to reduce memory usage. Loaded Objects now: 1660.
Total: 1.844300 ms (FindLiveObjects: 0.197800 ms CreateObjectMapping: 0.046900 ms MarkObjects: 1.523400 ms  DeleteObjects: 0.074900 ms)

========================================================================
Received Prepare
Registering precompiled user dll's ...
Registered in 0.000877 seconds.
Begin MonoManager ReloadAssembly
Native extension for WindowsStandalone target not found
Native extension for WebGL target not found
Refreshing native plugins compatible for Editor in 0.19 ms, found 0 plugins.
Preloading 0 native plugins for Editor in 0.00 ms.
Invoked RoslynAnalysisRunner static constructor.
RoslynAnalysisRunner will not be running.
RoslynAnalysisRunner has terminated.
Mono: successfully reloaded assembly
- Completed reload, in  0.672 seconds
Platform modules already initialized, skipping
Refreshing native plugins compatible for Editor in 0.32 ms, found 0 plugins.
Preloading 0 native plugins for Editor in 0.00 ms.
Unloading 1112 Unused Serialized files (Serialized files now loaded: 0)
System memory in use before: 70.3 MB.
System memory in use after: 70.4 MB.

Unloading 5 unused Assets to reduce memory usage. Loaded Objects now: 1663.
Total: 1.634200 ms (FindLiveObjects: 0.225900 ms CreateObjectMapping: 0.057400 ms MarkObjects: 1.293200 ms  DeleteObjects: 0.056500 ms)

========================================================================
Received Prepare
Registering precompiled user dll's ...
Registered in 0.000887 seconds.
Begin MonoManager ReloadAssembly
Native extension for WindowsStandalone target not found
Native extension for WebGL target not found
Refreshing native plugins compatible for Editor in 0.20 ms, found 0 plugins.
Preloading 0 native plugins for Editor in 0.00 ms.
Invoked RoslynAnalysisRunner static constructor.
RoslynAnalysisRunner will not be running.
RoslynAnalysisRunner has terminated.
Mono: successfully reloaded assembly
- Completed reload, in  0.674 seconds
Platform modules already initialized, skipping
Refreshing native plugins compatible for Editor in 0.19 ms, found 0 plugins.
Preloading 0 native plugins for Editor in 0.00 ms.
Unloading 1112 Unused Serialized files (Serialized files now loaded: 0)
System memory in use before: 70.4 MB.
System memory in use after: 70.4 MB.

Unloading 5 unused Assets to reduce memory usage. Loaded Objects now: 1666.
Total: 1.768300 ms (FindLiveObjects: 0.217300 ms CreateObjectMapping: 0.052700 ms MarkObjects: 1.434100 ms  DeleteObjects: 0.062900 ms)

========================================================================
Received Prepare
Registering precompiled user dll's ...
Registered in 0.000916 seconds.
Begin MonoManager ReloadAssembly
Native extension for WindowsStandalone target not found
Native extension for WebGL target not found
Refreshing native plugins compatible for Editor in 0.21 ms, found 0 plugins.
Preloading 0 native plugins for Editor in 0.00 ms.
Invoked RoslynAnalysisRunner static constructor.
RoslynAnalysisRunner will not be running.
RoslynAnalysisRunner has terminated.
Mono: successfully reloaded assembly
- Completed reload, in  0.677 seconds
Platform modules already initialized, skipping
Refreshing native plugins compatible for Editor in 0.20 ms, found 0 plugins.
Preloading 0 native plugins for Editor in 0.00 ms.
Unloading 1112 Unused Serialized files (Serialized files now loaded: 0)
System memory in use before: 70.4 MB.
System memory in use after: 70.4 MB.

Unloading 5 unused Assets to reduce memory usage. Loaded Objects now: 1669.
Total: 2.004000 ms (FindLiveObjects: 0.232700 ms CreateObjectMapping: 0.048300 ms MarkObjects: 1.650700 ms  DeleteObjects: 0.070600 ms)

========================================================================
Received Prepare
Registering precompiled user dll's ...
Registered in 0.000887 seconds.
Begin MonoManager ReloadAssembly
Native extension for WindowsStandalone target not found
Native extension for WebGL target not found
Refreshing native plugins compatible for Editor in 0.19 ms, found 0 plugins.
Preloading 0 native plugins for Editor in 0.00 ms.
Invoked RoslynAnalysisRunner static constructor.
RoslynAnalysisRunner will not be running.
RoslynAnalysisRunner has terminated.
Mono: successfully reloaded assembly
- Completed reload, in  0.666 seconds
Platform modules already initialized, skipping
Refreshing native plugins compatible for Editor in 0.29 ms, found 0 plugins.
Preloading 0 native plugins for Editor in 0.00 ms.
Unloading 1112 Unused Serialized files (Serialized files now loaded: 0)
System memory in use before: 70.4 MB.
System memory in use after: 70.4 MB.

Unloading 5 unused Assets to reduce memory usage. Loaded Objects now: 1672.
Total: 2.080100 ms (FindLiveObjects: 0.255200 ms CreateObjectMapping: 0.068400 ms MarkObjects: 1.689700 ms  DeleteObjects: 0.064900 ms)

========================================================================
Received Prepare
Registering precompiled user dll's ...
Registered in 0.000903 seconds.
Begin MonoManager ReloadAssembly
Native extension for WindowsStandalone target not found
Native extension for WebGL target not found
Refreshing native plugins compatible for Editor in 0.19 ms, found 0 plugins.
Preloading 0 native plugins for Editor in 0.00 ms.
Invoked RoslynAnalysisRunner static constructor.
RoslynAnalysisRunner will not be running.
RoslynAnalysisRunner has terminated.
Mono: successfully reloaded assembly
- Completed reload, in  0.675 seconds
Platform modules already initialized, skipping
Refreshing native plugins compatible for Editor in 0.34 ms, found 0 plugins.
Preloading 0 native plugins for Editor in 0.00 ms.
Unloading 1112 Unused Serialized files (Serialized files now loaded: 0)
System memory in use before: 70.4 MB.
System memory in use after: 70.4 MB.

Unloading 5 unused Assets to reduce memory usage. Loaded Objects now: 1675.
Total: 2.512500 ms (FindLiveObjects: 0.212800 ms CreateObjectMapping: 0.056300 ms MarkObjects: 2.171900 ms  DeleteObjects: 0.070200 ms)

========================================================================
Received Prepare
Registering precompiled user dll's ...
Registered in 0.001013 seconds.
Begin MonoManager ReloadAssembly
Native extension for WindowsStandalone target not found
Native extension for WebGL target not found
Refreshing native plugins compatible for Editor in 0.19 ms, found 0 plugins.
Preloading 0 native plugins for Editor in 0.00 ms.
Invoked RoslynAnalysisRunner static constructor.
RoslynAnalysisRunner will not be running.
RoslynAnalysisRunner has terminated.
Mono: successfully reloaded assembly
- Completed reload, in  0.675 seconds
Platform modules already initialized, skipping
Refreshing native plugins compatible for Editor in 0.28 ms, found 0 plugins.
Preloading 0 native plugins for Editor in 0.00 ms.
Unloading 1112 Unused Serialized files (Serialized files now loaded: 0)
System memory in use before: 70.4 MB.
System memory in use after: 70.5 MB.

Unloading 5 unused Assets to reduce memory usage. Loaded Objects now: 1678.
Total: 1.722900 ms (FindLiveObjects: 0.211500 ms CreateObjectMapping: 0.059400 ms MarkObjects: 1.393700 ms  DeleteObjects: 0.057400 ms)

========================================================================
Received Prepare
Registering precompiled user dll's ...
Registered in 0.001157 seconds.
Begin MonoManager ReloadAssembly
Native extension for WindowsStandalone target not found
Native extension for WebGL target not found
Refreshing native plugins compatible for Editor in 0.19 ms, found 0 plugins.
Preloading 0 native plugins for Editor in 0.00 ms.
Invoked RoslynAnalysisRunner static constructor.
RoslynAnalysisRunner will not be running.
RoslynAnalysisRunner has terminated.
Mono: successfully reloaded assembly
- Completed reload, in  0.686 seconds
Platform modules already initialized, skipping
Refreshing native plugins compatible for Editor in 0.29 ms, found 0 plugins.
Preloading 0 native plugins for Editor in 0.00 ms.
Unloading 1112 Unused Serialized files (Serialized files now loaded: 0)
System memory in use before: 70.4 MB.
System memory in use after: 70.5 MB.

Unloading 5 unused Assets to reduce memory usage. Loaded Objects now: 1681.
Total: 1.856700 ms (FindLiveObjects: 0.247400 ms CreateObjectMapping: 0.067200 ms MarkObjects: 1.488200 ms  DeleteObjects: 0.052700 ms)

========================================================================
Received Prepare
Registering precompiled user dll's ...
Registered in 0.000854 seconds.
Begin MonoManager ReloadAssembly
Native extension for WindowsStandalone target not found
Native extension for WebGL target not found
Refreshing native plugins compatible for Editor in 0.19 ms, found 0 plugins.
Preloading 0 native plugins for Editor in 0.00 ms.
Invoked RoslynAnalysisRunner static constructor.
RoslynAnalysisRunner will not be running.
RoslynAnalysisRunner has terminated.
Mono: successfully reloaded assembly
- Completed reload, in  0.679 seconds
Platform modules already initialized, skipping
Refreshing native plugins compatible for Editor in 0.29 ms, found 0 plugins.
Preloading 0 native plugins for Editor in 0.00 ms.
Unloading 1112 Unused Serialized files (Serialized files now loaded: 0)
System memory in use before: 70.4 MB.
System memory in use after: 70.5 MB.

Unloading 5 unused Assets to reduce memory usage. Loaded Objects now: 1684.
Total: 2.320400 ms (FindLiveObjects: 0.233700 ms CreateObjectMapping: 0.057200 ms MarkObjects: 1.954500 ms  DeleteObjects: 0.072900 ms)

========================================================================
Received Prepare
Registering precompiled user dll's ...
Registered in 0.000889 seconds.
Begin MonoManager ReloadAssembly
Native extension for WindowsStandalone target not found
Native extension for WebGL target not found
Refreshing native plugins compatible for Editor in 0.19 ms, found 0 plugins.
Preloading 0 native plugins for Editor in 0.00 ms.
Invoked RoslynAnalysisRunner static constructor.
RoslynAnalysisRunner will not be running.
RoslynAnalysisRunner has terminated.
Mono: successfully reloaded assembly
- Completed reload, in  0.669 seconds
Platform modules already initialized, skipping
Refreshing native plugins compatible for Editor in 0.23 ms, found 0 plugins.
Preloading 0 native plugins for Editor in 0.00 ms.
Unloading 1112 Unused Serialized files (Serialized files now loaded: 0)
System memory in use before: 70.4 MB.
System memory in use after: 70.5 MB.

Unloading 5 unused Assets to reduce memory usage. Loaded Objects now: 1687.
Total: 1.791200 ms (FindLiveObjects: 0.194300 ms CreateObjectMapping: 0.040000 ms MarkObjects: 1.496000 ms  DeleteObjects: 0.059400 ms)

========================================================================
Received Prepare
Registering precompiled user dll's ...
Registered in 0.000914 seconds.
Begin MonoManager ReloadAssembly
Native extension for WindowsStandalone target not found
Native extension for WebGL target not found
Refreshing native plugins compatible for Editor in 0.19 ms, found 0 plugins.
Preloading 0 native plugins for Editor in 0.00 ms.
Invoked RoslynAnalysisRunner static constructor.
RoslynAnalysisRunner will not be running.
RoslynAnalysisRunner has terminated.
Mono: successfully reloaded assembly
- Completed reload, in  0.681 seconds
Platform modules already initialized, skipping
Refreshing native plugins compatible for Editor in 0.33 ms, found 0 plugins.
Preloading 0 native plugins for Editor in 0.00 ms.
Unloading 1112 Unused Serialized files (Serialized files now loaded: 0)
System memory in use before: 70.4 MB.
System memory in use after: 70.5 MB.

Unloading 5 unused Assets to reduce memory usage. Loaded Objects now: 1690.
Total: 2.317000 ms (FindLiveObjects: 0.226700 ms CreateObjectMapping: 0.057400 ms MarkObjects: 1.946600 ms  DeleteObjects: 0.084700 ms)

========================================================================
Received Prepare
Registering precompiled user dll's ...
Registered in 0.000916 seconds.
Begin MonoManager ReloadAssembly
Native extension for WindowsStandalone target not found
Native extension for WebGL target not found
Refreshing native plugins compatible for Editor in 0.19 ms, found 0 plugins.
Preloading 0 native plugins for Editor in 0.00 ms.
Invoked RoslynAnalysisRunner static constructor.
RoslynAnalysisRunner will not be running.
RoslynAnalysisRunner has terminated.
Mono: successfully reloaded assembly
- Completed reload, in  0.672 seconds
Platform modules already initialized, skipping
Refreshing native plugins compatible for Editor in 0.28 ms, found 0 plugins.
Preloading 0 native plugins for Editor in 0.00 ms.
Unloading 1112 Unused Serialized files (Serialized files now loaded: 0)
System memory in use before: 70.4 MB.
System memory in use after: 70.5 MB.

Unloading 5 unused Assets to reduce memory usage. Loaded Objects now: 1693.
Total: 1.503800 ms (FindLiveObjects: 0.150600 ms CreateObjectMapping: 0.037900 ms MarkObjects: 1.261100 ms  DeleteObjects: 0.053300 ms)

========================================================================
Received Prepare
Registering precompiled user dll's ...
Registered in 0.000872 seconds.
Begin MonoManager ReloadAssembly
Native extension for WindowsStandalone target not found
Native extension for WebGL target not found
Refreshing native plugins compatible for Editor in 0.19 ms, found 0 plugins.
Preloading 0 native plugins for Editor in 0.00 ms.
Invoked RoslynAnalysisRunner static constructor.
RoslynAnalysisRunner will not be running.
RoslynAnalysisRunner has terminated.
Mono: successfully reloaded assembly
- Completed reload, in  0.682 seconds
Platform modules already initialized, skipping
Refreshing native plugins compatible for Editor in 0.20 ms, found 0 plugins.
Preloading 0 native plugins for Editor in 0.00 ms.
Unloading 1112 Unused Serialized files (Serialized files now loaded: 0)
System memory in use before: 70.4 MB.
System memory in use after: 70.5 MB.

Unloading 5 unused Assets to reduce memory usage. Loaded Objects now: 1696.
Total: 2.374500 ms (FindLiveObjects: 0.237800 ms CreateObjectMapping: 0.063800 ms MarkObjects: 1.993100 ms  DeleteObjects: 0.078600 ms)

========================================================================
Received Prepare
Registering precompiled user dll's ...
Registered in 0.000784 seconds.
Begin MonoManager ReloadAssembly
Native extension for WindowsStandalone target not found
Native extension for WebGL target not found
Refreshing native plugins compatible for Editor in 0.18 ms, found 0 plugins.
Preloading 0 native plugins for Editor in 0.00 ms.
Invoked RoslynAnalysisRunner static constructor.
RoslynAnalysisRunner will not be running.
RoslynAnalysisRunner has terminated.
Mono: successfully reloaded assembly
- Completed reload, in  0.669 seconds
Platform modules already initialized, skipping
Refreshing native plugins compatible for Editor in 0.22 ms, found 0 plugins.
Preloading 0 native plugins for Editor in 0.00 ms.
Unloading 1112 Unused Serialized files (Serialized files now loaded: 0)
System memory in use before: 70.4 MB.
System memory in use after: 70.5 MB.

Unloading 5 unused Assets to reduce memory usage. Loaded Objects now: 1699.
Total: 2.249800 ms (FindLiveObjects: 0.151200 ms CreateObjectMapping: 0.039000 ms MarkObjects: 1.980200 ms  DeleteObjects: 0.077800 ms)

========================================================================
Received Prepare
Registering precompiled user dll's ...
Registered in 0.000871 seconds.
Begin MonoManager ReloadAssembly
Native extension for WindowsStandalone target not found
Native extension for WebGL target not found
Refreshing native plugins compatible for Editor in 0.19 ms, found 0 plugins.
Preloading 0 native plugins for Editor in 0.00 ms.
Invoked RoslynAnalysisRunner static constructor.
RoslynAnalysisRunner will not be running.
RoslynAnalysisRunner has terminated.
Mono: successfully reloaded assembly
- Completed reload, in  0.682 seconds
Platform modules already initialized, skipping
Refreshing native plugins compatible for Editor in 0.21 ms, found 0 plugins.
Preloading 0 native plugins for Editor in 0.00 ms.
Unloading 1112 Unused Serialized files (Serialized files now loaded: 0)
System memory in use before: 70.4 MB.
System memory in use after: 70.5 MB.

Unloading 5 unused Assets to reduce memory usage. Loaded Objects now: 1702.
Total: 2.323700 ms (FindLiveObjects: 0.235100 ms CreateObjectMapping: 0.057000 ms MarkObjects: 1.954400 ms  DeleteObjects: 0.075900 ms)

========================================================================
Received Prepare
Registering precompiled user dll's ...
Registered in 0.000949 seconds.
Begin MonoManager ReloadAssembly
Native extension for WindowsStandalone target not found
Native extension for WebGL target not found
Refreshing native plugins compatible for Editor in 0.19 ms, found 0 plugins.
Preloading 0 native plugins for Editor in 0.00 ms.
Invoked RoslynAnalysisRunner static constructor.
RoslynAnalysisRunner will not be running.
RoslynAnalysisRunner has terminated.
Mono: successfully reloaded assembly
- Completed reload, in  0.666 seconds
Platform modules already initialized, skipping
Refreshing native plugins compatible for Editor in 0.19 ms, found 0 plugins.
Preloading 0 native plugins for Editor in 0.00 ms.
Unloading 1112 Unused Serialized files (Serialized files now loaded: 0)
System memory in use before: 70.4 MB.
System memory in use after: 70.5 MB.

Unloading 5 unused Assets to reduce memory usage. Loaded Objects now: 1705.
Total: 1.751900 ms (FindLiveObjects: 0.187300 ms CreateObjectMapping: 0.038600 ms MarkObjects: 1.462600 ms  DeleteObjects: 0.061900 ms)

========================================================================
Received Prepare
Registering precompiled user dll's ...
Registered in 0.000898 seconds.
Begin MonoManager ReloadAssembly
Native extension for WindowsStandalone target not found
Native extension for WebGL target not found
Refreshing native plugins compatible for Editor in 0.19 ms, found 0 plugins.
Preloading 0 native plugins for Editor in 0.00 ms.
Invoked RoslynAnalysisRunner static constructor.
RoslynAnalysisRunner will not be running.
RoslynAnalysisRunner has terminated.
Mono: successfully reloaded assembly
- Completed reload, in  0.676 seconds
Platform modules already initialized, skipping
Refreshing native plugins compatible for Editor in 0.29 ms, found 0 plugins.
Preloading 0 native plugins for Editor in 0.00 ms.
Unloading 1112 Unused Serialized files (Serialized files now loaded: 0)
System memory in use before: 70.4 MB.
System memory in use after: 70.5 MB.

Unloading 5 unused Assets to reduce memory usage. Loaded Objects now: 1708.
Total: 2.309200 ms (FindLiveObjects: 0.185900 ms CreateObjectMapping: 0.064700 ms MarkObjects: 1.947400 ms  DeleteObjects: 0.109400 ms)

========================================================================
Received Prepare
Registering precompiled user dll's ...
Registered in 0.001080 seconds.
Begin MonoManager ReloadAssembly
Native extension for WindowsStandalone target not found
Native extension for WebGL target not found
Refreshing native plugins compatible for Editor in 0.20 ms, found 0 plugins.
Preloading 0 native plugins for Editor in 0.00 ms.
Invoked RoslynAnalysisRunner static constructor.
RoslynAnalysisRunner will not be running.
RoslynAnalysisRunner has terminated.
Mono: successfully reloaded assembly
- Completed reload, in  0.683 seconds
Platform modules already initialized, skipping
Refreshing native plugins compatible for Editor in 0.22 ms, found 0 plugins.
Preloading 0 native plugins for Editor in 0.00 ms.
Unloading 1112 Unused Serialized files (Serialized files now loaded: 0)
System memory in use before: 70.4 MB.
System memory in use after: 70.5 MB.

Unloading 5 unused Assets to reduce memory usage. Loaded Objects now: 1711.
Total: 1.652800 ms (FindLiveObjects: 0.238100 ms CreateObjectMapping: 0.053800 ms MarkObjects: 1.292600 ms  DeleteObjects: 0.066900 ms)

========================================================================
Received Prepare
Registering precompiled user dll's ...
Registered in 0.000823 seconds.
Begin MonoManager ReloadAssembly
Native extension for WindowsStandalone target not found
Native extension for WebGL target not found
Refreshing native plugins compatible for Editor in 0.18 ms, found 0 plugins.
Preloading 0 native plugins for Editor in 0.00 ms.
Invoked RoslynAnalysisRunner static constructor.
RoslynAnalysisRunner will not be running.
RoslynAnalysisRunner has terminated.
Mono: successfully reloaded assembly
- Completed reload, in  0.720 seconds
Platform modules already initialized, skipping
Refreshing native plugins compatible for Editor in 0.19 ms, found 0 plugins.
Preloading 0 native plugins for Editor in 0.00 ms.
Unloading 1112 Unused Serialized files (Serialized files now loaded: 0)
System memory in use before: 70.4 MB.
System memory in use after: 70.5 MB.

Unloading 5 unused Assets to reduce memory usage. Loaded Objects now: 1714.
Total: 2.110600 ms (FindLiveObjects: 0.225200 ms CreateObjectMapping: 0.060000 ms MarkObjects: 1.746800 ms  DeleteObjects: 0.077100 ms)

========================================================================
Received Prepare
Registering precompiled user dll's ...
Registered in 0.000842 seconds.
Begin MonoManager ReloadAssembly
Native extension for WindowsStandalone target not found
Native extension for WebGL target not found
Refreshing native plugins compatible for Editor in 0.18 ms, found 0 plugins.
Preloading 0 native plugins for Editor in 0.00 ms.
Invoked RoslynAnalysisRunner static constructor.
RoslynAnalysisRunner will not be running.
RoslynAnalysisRunner has terminated.
Mono: successfully reloaded assembly
- Completed reload, in  0.685 seconds
Platform modules already initialized, skipping
Refreshing native plugins compatible for Editor in 0.19 ms, found 0 plugins.
Preloading 0 native plugins for Editor in 0.00 ms.
Unloading 1112 Unused Serialized files (Serialized files now loaded: 0)
System memory in use before: 70.4 MB.
System memory in use after: 70.5 MB.

Unloading 5 unused Assets to reduce memory usage. Loaded Objects now: 1717.
Total: 1.537400 ms (FindLiveObjects: 0.150500 ms CreateObjectMapping: 0.034600 ms MarkObjects: 1.296400 ms  DeleteObjects: 0.054600 ms)

========================================================================
Received Prepare
Registering precompiled user dll's ...
Registered in 0.000898 seconds.
Begin MonoManager ReloadAssembly
Native extension for WindowsStandalone target not found
Native extension for WebGL target not found
Refreshing native plugins compatible for Editor in 0.19 ms, found 0 plugins.
Preloading 0 native plugins for Editor in 0.00 ms.
Invoked RoslynAnalysisRunner static constructor.
RoslynAnalysisRunner will not be running.
RoslynAnalysisRunner has terminated.
Mono: successfully reloaded assembly
- Completed reload, in  0.686 seconds
Platform modules already initialized, skipping
Refreshing native plugins compatible for Editor in 0.20 ms, found 0 plugins.
Preloading 0 native plugins for Editor in 0.00 ms.
Unloading 1112 Unused Serialized files (Serialized files now loaded: 0)
System memory in use before: 70.4 MB.
System memory in use after: 70.5 MB.

Unloading 5 unused Assets to reduce memory usage. Loaded Objects now: 1720.
Total: 1.945900 ms (FindLiveObjects: 0.275900 ms CreateObjectMapping: 0.066200 ms MarkObjects: 1.542800 ms  DeleteObjects: 0.059500 ms)

========================================================================
Received Prepare
Registering precompiled user dll's ...
Registered in 0.000876 seconds.
Begin MonoManager ReloadAssembly
Native extension for WindowsStandalone target not found
Native extension for WebGL target not found
Refreshing native plugins compatible for Editor in 0.21 ms, found 0 plugins.
Preloading 0 native plugins for Editor in 0.00 ms.
Invoked RoslynAnalysisRunner static constructor.
RoslynAnalysisRunner will not be running.
RoslynAnalysisRunner has terminated.
Mono: successfully reloaded assembly
- Completed reload, in  0.678 seconds
Platform modules already initialized, skipping
Refreshing native plugins compatible for Editor in 0.20 ms, found 0 plugins.
Preloading 0 native plugins for Editor in 0.00 ms.
Unloading 1112 Unused Serialized files (Serialized files now loaded: 0)
System memory in use before: 70.5 MB.
System memory in use after: 70.5 MB.

Unloading 5 unused Assets to reduce memory usage. Loaded Objects now: 1723.
Total: 1.591100 ms (FindLiveObjects: 0.205000 ms CreateObjectMapping: 0.052200 ms MarkObjects: 1.279300 ms  DeleteObjects: 0.053200 ms)

========================================================================
Received Prepare
Registering precompiled user dll's ...
Registered in 0.001005 seconds.
Begin MonoManager ReloadAssembly
Native extension for WindowsStandalone target not found
Native extension for WebGL target not found
Refreshing native plugins compatible for Editor in 0.18 ms, found 0 plugins.
Preloading 0 native plugins for Editor in 0.00 ms.
Invoked RoslynAnalysisRunner static constructor.
RoslynAnalysisRunner will not be running.
RoslynAnalysisRunner has terminated.
Mono: successfully reloaded assembly
- Completed reload, in  0.690 seconds
Platform modules already initialized, skipping
Refreshing native plugins compatible for Editor in 0.29 ms, found 0 plugins.
Preloading 0 native plugins for Editor in 0.00 ms.
Unloading 1112 Unused Serialized files (Serialized files now loaded: 0)
System memory in use before: 70.5 MB.
System memory in use after: 70.5 MB.

Unloading 5 unused Assets to reduce memory usage. Loaded Objects now: 1726.
Total: 1.783300 ms (FindLiveObjects: 0.241700 ms CreateObjectMapping: 0.058800 ms MarkObjects: 1.409500 ms  DeleteObjects: 0.072200 ms)

========================================================================
Received Prepare
Registering precompiled user dll's ...
Registered in 0.000957 seconds.
Begin MonoManager ReloadAssembly
Native extension for WindowsStandalone target not found
Native extension for WebGL target not found
Refreshing native plugins compatible for Editor in 0.19 ms, found 0 plugins.
Preloading 0 native plugins for Editor in 0.00 ms.
Invoked RoslynAnalysisRunner static constructor.
RoslynAnalysisRunner will not be running.
RoslynAnalysisRunner has terminated.
Mono: successfully reloaded assembly
- Completed reload, in  0.701 seconds
Platform modules already initialized, skipping
Refreshing native plugins compatible for Editor in 0.19 ms, found 0 plugins.
Preloading 0 native plugins for Editor in 0.00 ms.
Unloading 1112 Unused Serialized files (Serialized files now loaded: 0)
System memory in use before: 70.5 MB.
System memory in use after: 70.5 MB.

Unloading 5 unused Assets to reduce memory usage. Loaded Objects now: 1729.
Total: 2.543400 ms (FindLiveObjects: 0.263200 ms CreateObjectMapping: 0.078300 ms MarkObjects: 2.122000 ms  DeleteObjects: 0.078200 ms)

========================================================================
Received Prepare
Registering precompiled user dll's ...
Registered in 0.000826 seconds.
Begin MonoManager ReloadAssembly
Native extension for WindowsStandalone target not found
Native extension for WebGL target not found
Refreshing native plugins compatible for Editor in 0.19 ms, found 0 plugins.
Preloading 0 native plugins for Editor in 0.00 ms.
Invoked RoslynAnalysisRunner static constructor.
RoslynAnalysisRunner will not be running.
RoslynAnalysisRunner has terminated.
Mono: successfully reloaded assembly
- Completed reload, in  0.708 seconds
Platform modules already initialized, skipping
Refreshing native plugins compatible for Editor in 0.19 ms, found 0 plugins.
Preloading 0 native plugins for Editor in 0.00 ms.
Unloading 1112 Unused Serialized files (Serialized files now loaded: 0)
System memory in use before: 70.5 MB.
System memory in use after: 70.5 MB.

Unloading 5 unused Assets to reduce memory usage. Loaded Objects now: 1732.
Total: 1.844500 ms (FindLiveObjects: 0.235300 ms CreateObjectMapping: 0.058000 ms MarkObjects: 1.493400 ms  DeleteObjects: 0.056400 ms)

========================================================================
Received Prepare
Registering precompiled user dll's ...
Registered in 0.001472 seconds.
Begin MonoManager ReloadAssembly
Native extension for WindowsStandalone target not found
Native extension for WebGL target not found
Refreshing native plugins compatible for Editor in 0.22 ms, found 0 plugins.
Preloading 0 native plugins for Editor in 0.00 ms.
Invoked RoslynAnalysisRunner static constructor.
RoslynAnalysisRunner will not be running.
RoslynAnalysisRunner has terminated.
Mono: successfully reloaded assembly
- Completed reload, in  0.744 seconds
Platform modules already initialized, skipping
Refreshing native plugins compatible for Editor in 0.21 ms, found 0 plugins.
Preloading 0 native plugins for Editor in 0.00 ms.
Unloading 1112 Unused Serialized files (Serialized files now loaded: 0)
System memory in use before: 70.5 MB.
System memory in use after: 70.5 MB.

Unloading 5 unused Assets to reduce memory usage. Loaded Objects now: 1735.
Total: 2.151600 ms (FindLiveObjects: 0.241200 ms CreateObjectMapping: 0.069800 ms MarkObjects: 1.762400 ms  DeleteObjects: 0.076700 ms)

========================================================================
Received Prepare
Registering precompiled user dll's ...
Registered in 0.000852 seconds.
Begin MonoManager ReloadAssembly
Native extension for WindowsStandalone target not found
Native extension for WebGL target not found
Refreshing native plugins compatible for Editor in 0.18 ms, found 0 plugins.
Preloading 0 native plugins for Editor in 0.00 ms.
Invoked RoslynAnalysisRunner static constructor.
RoslynAnalysisRunner will not be running.
RoslynAnalysisRunner has terminated.
Mono: successfully reloaded assembly
- Completed reload, in  0.696 seconds
Platform modules already initialized, skipping
Refreshing native plugins compatible for Editor in 0.24 ms, found 0 plugins.
Preloading 0 native plugins for Editor in 0.00 ms.
Unloading 1112 Unused Serialized files (Serialized files now loaded: 0)
System memory in use before: 70.5 MB.
System memory in use after: 70.6 MB.

Unloading 5 unused Assets to reduce memory usage. Loaded Objects now: 1738.
Total: 1.832200 ms (FindLiveObjects: 0.235400 ms CreateObjectMapping: 0.061900 ms MarkObjects: 1.469100 ms  DeleteObjects: 0.064700 ms)

========================================================================
Received Prepare
Registering precompiled user dll's ...
Registered in 0.001368 seconds.
Begin MonoManager ReloadAssembly
Native extension for WindowsStandalone target not found
Native extension for WebGL target not found
Refreshing native plugins compatible for Editor in 0.20 ms, found 0 plugins.
Preloading 0 native plugins for Editor in 0.00 ms.
Invoked RoslynAnalysisRunner static constructor.
RoslynAnalysisRunner will not be running.
RoslynAnalysisRunner has terminated.
Mono: successfully reloaded assembly
- Completed reload, in  0.773 seconds
Platform modules already initialized, skipping
Refreshing native plugins compatible for Editor in 0.26 ms, found 0 plugins.
Preloading 0 native plugins for Editor in 0.00 ms.
Unloading 1112 Unused Serialized files (Serialized files now loaded: 0)
System memory in use before: 70.5 MB.
System memory in use after: 70.6 MB.

Unloading 5 unused Assets to reduce memory usage. Loaded Objects now: 1741.
Total: 2.402600 ms (FindLiveObjects: 0.241800 ms CreateObjectMapping: 0.066500 ms MarkObjects: 2.026900 ms  DeleteObjects: 0.065600 ms)

========================================================================
Received Prepare
Registering precompiled user dll's ...
Registered in 0.000937 seconds.
Begin MonoManager ReloadAssembly
Native extension for WindowsStandalone target not found
Native extension for WebGL target not found
Refreshing native plugins compatible for Editor in 0.19 ms, found 0 plugins.
Preloading 0 native plugins for Editor in 0.00 ms.
Invoked RoslynAnalysisRunner static constructor.
RoslynAnalysisRunner will not be running.
RoslynAnalysisRunner has terminated.
Mono: successfully reloaded assembly
- Completed reload, in  0.691 seconds
Platform modules already initialized, skipping
Refreshing native plugins compatible for Editor in 0.19 ms, found 0 plugins.
Preloading 0 native plugins for Editor in 0.00 ms.
Unloading 1112 Unused Serialized files (Serialized files now loaded: 0)
System memory in use before: 70.5 MB.
System memory in use after: 70.6 MB.

Unloading 5 unused Assets to reduce memory usage. Loaded Objects now: 1744.
Total: 2.558800 ms (FindLiveObjects: 0.264600 ms CreateObjectMapping: 0.064700 ms MarkObjects: 2.164300 ms  DeleteObjects: 0.063700 ms)

========================================================================
Received Prepare
Registering precompiled user dll's ...
Registered in 0.001250 seconds.
Begin MonoManager ReloadAssembly
Native extension for WindowsStandalone target not found
Native extension for WebGL target not found
Refreshing native plugins compatible for Editor in 0.19 ms, found 0 plugins.
Preloading 0 native plugins for Editor in 0.00 ms.
Invoked RoslynAnalysisRunner static constructor.
RoslynAnalysisRunner will not be running.
RoslynAnalysisRunner has terminated.
Mono: successfully reloaded assembly
- Completed reload, in  0.682 seconds
Platform modules already initialized, skipping
Refreshing native plugins compatible for Editor in 0.30 ms, found 0 plugins.
Preloading 0 native plugins for Editor in 0.00 ms.
Unloading 1112 Unused Serialized files (Serialized files now loaded: 0)
System memory in use before: 70.5 MB.
System memory in use after: 70.6 MB.

Unloading 5 unused Assets to reduce memory usage. Loaded Objects now: 1747.
Total: 1.804700 ms (FindLiveObjects: 0.223600 ms CreateObjectMapping: 0.055500 ms MarkObjects: 1.466000 ms  DeleteObjects: 0.058600 ms)

========================================================================
Received Prepare
Registering precompiled user dll's ...
Registered in 0.000936 seconds.
Begin MonoManager ReloadAssembly
Native extension for WindowsStandalone target not found
Native extension for WebGL target not found
Refreshing native plugins compatible for Editor in 0.20 ms, found 0 plugins.
Preloading 0 native plugins for Editor in 0.00 ms.
Invoked RoslynAnalysisRunner static constructor.
RoslynAnalysisRunner will not be running.
RoslynAnalysisRunner has terminated.
Mono: successfully reloaded assembly
- Completed reload, in  0.708 seconds
Platform modules already initialized, skipping
Refreshing native plugins compatible for Editor in 0.32 ms, found 0 plugins.
Preloading 0 native plugins for Editor in 0.00 ms.
Unloading 1112 Unused Serialized files (Serialized files now loaded: 0)
System memory in use before: 70.5 MB.
System memory in use after: 70.6 MB.

Unloading 5 unused Assets to reduce memory usage. Loaded Objects now: 1750.
Total: 2.157400 ms (FindLiveObjects: 0.268900 ms CreateObjectMapping: 0.090800 ms MarkObjects: 1.728500 ms  DeleteObjects: 0.067700 ms)

========================================================================
Received Prepare
Registering precompiled user dll's ...
Registered in 0.000802 seconds.
Begin MonoManager ReloadAssembly
Native extension for WindowsStandalone target not found
Native extension for WebGL target not found
Refreshing native plugins compatible for Editor in 0.19 ms, found 0 plugins.
Preloading 0 native plugins for Editor in 0.00 ms.
Invoked RoslynAnalysisRunner static constructor.
RoslynAnalysisRunner will not be running.
RoslynAnalysisRunner has terminated.
Mono: successfully reloaded assembly
- Completed reload, in  0.693 seconds
Platform modules already initialized, skipping
Refreshing native plugins compatible for Editor in 0.30 ms, found 0 plugins.
Preloading 0 native plugins for Editor in 0.00 ms.
Unloading 1112 Unused Serialized files (Serialized files now loaded: 0)
System memory in use before: 70.5 MB.
System memory in use after: 70.6 MB.

Unloading 5 unused Assets to reduce memory usage. Loaded Objects now: 1753.
Total: 2.021400 ms (FindLiveObjects: 0.154100 ms CreateObjectMapping: 0.036300 ms MarkObjects: 1.742100 ms  DeleteObjects: 0.087500 ms)

========================================================================
Received Prepare
Registering precompiled user dll's ...
Registered in 0.001010 seconds.
Begin MonoManager ReloadAssembly
Native extension for WindowsStandalone target not found
Native extension for WebGL target not found
Refreshing native plugins compatible for Editor in 0.26 ms, found 0 plugins.
Preloading 0 native plugins for Editor in 0.00 ms.
Invoked RoslynAnalysisRunner static constructor.
RoslynAnalysisRunner will not be running.
RoslynAnalysisRunner has terminated.
Mono: successfully reloaded assembly
- Completed reload, in  0.692 seconds
Platform modules already initialized, skipping
Refreshing native plugins compatible for Editor in 0.23 ms, found 0 plugins.
Preloading 0 native plugins for Editor in 0.00 ms.
Unloading 1112 Unused Serialized files (Serialized files now loaded: 0)
System memory in use before: 70.5 MB.
System memory in use after: 70.6 MB.

Unloading 5 unused Assets to reduce memory usage. Loaded Objects now: 1756.
Total: 1.695800 ms (FindLiveObjects: 0.252700 ms CreateObjectMapping: 0.049600 ms MarkObjects: 1.320100 ms  DeleteObjects: 0.071600 ms)

========================================================================
Received Prepare
Refreshing native plugins compatible for Editor in 1.11 ms, found 0 plugins.
Preloading 0 native plugins for Editor in 0.00 ms.
Unloading 3 Unused Serialized files (Serialized files now loaded: 0)
System memory in use before: 48.5 MB.
System memory in use after: 48.6 MB.

Unloading 3 unused Assets to reduce memory usage. Loaded Objects now: 1756.
Total: 2.546900 ms (FindLiveObjects: 0.245500 ms CreateObjectMapping: 0.075600 ms MarkObjects: 2.146500 ms  DeleteObjects: 0.077900 ms)

========================================================================
Received Import Request.
  Time since last request: 5943.490938 seconds.
  path: Assets/Scripts/DataBase.cs
  artifactKey: Guid(e026ab127647b1249b7fdd2cd781d283) Importer(815301076,1909f56bfc062723c751e8b465ee728b)
Start importing Assets/Scripts/DataBase.cs using Guid(e026ab127647b1249b7fdd2cd781d283) Importer(815301076,1909f56bfc062723c751e8b465ee728b)  -> (artifact id: 'b0738f9a07e923839cc50bad09945df1') in 0.014008 seconds
  Import took 0.016114 seconds .

========================================================================
Received Prepare
Registering precompiled user dll's ...
Registered in 0.001177 seconds.
Begin MonoManager ReloadAssembly
Native extension for WindowsStandalone target not found
Native extension for WebGL target not found
Refreshing native plugins compatible for Editor in 0.19 ms, found 0 plugins.
Preloading 0 native plugins for Editor in 0.00 ms.
Invoked RoslynAnalysisRunner static constructor.
RoslynAnalysisRunner will not be running.
RoslynAnalysisRunner has terminated.
Mono: successfully reloaded assembly
- Completed reload, in  0.695 seconds
Platform modules already initialized, skipping
Refreshing native plugins compatible for Editor in 0.28 ms, found 0 plugins.
Preloading 0 native plugins for Editor in 0.00 ms.
Unloading 1113 Unused Serialized files (Serialized files now loaded: 0)
System memory in use before: 70.5 MB.
System memory in use after: 70.6 MB.

Unloading 5 unused Assets to reduce memory usage. Loaded Objects now: 1760.
Total: 1.918600 ms (FindLiveObjects: 0.244100 ms CreateObjectMapping: 0.074600 ms MarkObjects: 1.508100 ms  DeleteObjects: 0.090600 ms)

========================================================================
Received Import Request.
  Time since last request: 58.576175 seconds.
  path: Assets/Scripts/DataBase.cs
  artifactKey: Guid(e026ab127647b1249b7fdd2cd781d283) Importer(815301076,1909f56bfc062723c751e8b465ee728b)
Start importing Assets/Scripts/DataBase.cs using Guid(e026ab127647b1249b7fdd2cd781d283) Importer(815301076,1909f56bfc062723c751e8b465ee728b)  -> (artifact id: '0ff43d7e0b7869318d889b5c2672ff2f') in 0.003981 seconds
  Import took 0.006956 seconds .

========================================================================
Received Import Request.
  Time since last request: 0.019886 seconds.
  path: Assets/Scripts/DataBase.cs
  artifactKey: Guid(e026ab127647b1249b7fdd2cd781d283) Importer(815301076,1909f56bfc062723c751e8b465ee728b)
Start importing Assets/Scripts/DataBase.cs using Guid(e026ab127647b1249b7fdd2cd781d283) Importer(815301076,1909f56bfc062723c751e8b465ee728b)  -> (artifact id: '0ff43d7e0b7869318d889b5c2672ff2f') in 0.002175 seconds
  Import took 0.003778 seconds .

========================================================================
Received Import Request.
  Time since last request: 19.347724 seconds.
  path: Assets/Scripts/DataBase.cs
  artifactKey: Guid(e026ab127647b1249b7fdd2cd781d283) Importer(815301076,1909f56bfc062723c751e8b465ee728b)
Start importing Assets/Scripts/DataBase.cs using Guid(e026ab127647b1249b7fdd2cd781d283) Importer(815301076,1909f56bfc062723c751e8b465ee728b)  -> (artifact id: 'acfec7a47427a4fbea0ec4d1ebf95810') in 0.002380 seconds
  Import took 0.004593 seconds .

========================================================================
Received Import Request.
  Time since last request: 52.022995 seconds.
  path: Assets/Scripts/DataBase.cs
  artifactKey: Guid(e026ab127647b1249b7fdd2cd781d283) Importer(815301076,1909f56bfc062723c751e8b465ee728b)
Start importing Assets/Scripts/DataBase.cs using Guid(e026ab127647b1249b7fdd2cd781d283) Importer(815301076,1909f56bfc062723c751e8b465ee728b)  -> (artifact id: '04590b07e4d7b5bbef1405b8d378af40') in 0.002416 seconds
  Import took 0.004158 seconds .

========================================================================
Received Prepare
Registering precompiled user dll's ...
Registered in 0.000917 seconds.
Begin MonoManager ReloadAssembly
Native extension for WindowsStandalone target not found
Native extension for WebGL target not found
Refreshing native plugins compatible for Editor in 0.19 ms, found 0 plugins.
Preloading 0 native plugins for Editor in 0.00 ms.
Invoked RoslynAnalysisRunner static constructor.
RoslynAnalysisRunner will not be running.
RoslynAnalysisRunner has terminated.
Mono: successfully reloaded assembly
- Completed reload, in  0.688 seconds
Platform modules already initialized, skipping
Refreshing native plugins compatible for Editor in 0.20 ms, found 0 plugins.
Preloading 0 native plugins for Editor in 0.00 ms.
Unloading 1113 Unused Serialized files (Serialized files now loaded: 0)
System memory in use before: 70.6 MB.
System memory in use after: 70.6 MB.

Unloading 5 unused Assets to reduce memory usage. Loaded Objects now: 1763.
Total: 2.033100 ms (FindLiveObjects: 0.295600 ms CreateObjectMapping: 0.041900 ms MarkObjects: 1.628700 ms  DeleteObjects: 0.065100 ms)

========================================================================
Received Import Request.
  Time since last request: 7.076575 seconds.
  path: Assets/Scripts/DataBase.cs
  artifactKey: Guid(e026ab127647b1249b7fdd2cd781d283) Importer(815301076,1909f56bfc062723c751e8b465ee728b)
Start importing Assets/Scripts/DataBase.cs using Guid(e026ab127647b1249b7fdd2cd781d283) Importer(815301076,1909f56bfc062723c751e8b465ee728b)  -> (artifact id: 'b2377184114bcc9b3cdf9ae9fa62f0b2') in 0.005755 seconds
  Import took 0.008233 seconds .

========================================================================
Received Prepare
Registering precompiled user dll's ...
Registered in 0.000853 seconds.
Begin MonoManager ReloadAssembly
Native extension for WindowsStandalone target not found
Native extension for WebGL target not found
Refreshing native plugins compatible for Editor in 0.20 ms, found 0 plugins.
Preloading 0 native plugins for Editor in 0.00 ms.
Invoked RoslynAnalysisRunner static constructor.
RoslynAnalysisRunner will not be running.
RoslynAnalysisRunner has terminated.
Mono: successfully reloaded assembly
- Completed reload, in  0.688 seconds
Platform modules already initialized, skipping
Refreshing native plugins compatible for Editor in 0.18 ms, found 0 plugins.
Preloading 0 native plugins for Editor in 0.00 ms.
Unloading 1113 Unused Serialized files (Serialized files now loaded: 0)
System memory in use before: 70.6 MB.
System memory in use after: 70.6 MB.

Unloading 5 unused Assets to reduce memory usage. Loaded Objects now: 1766.
Total: 2.435400 ms (FindLiveObjects: 0.282100 ms CreateObjectMapping: 0.079500 ms MarkObjects: 1.996100 ms  DeleteObjects: 0.075900 ms)

========================================================================
Received Prepare
Registering precompiled user dll's ...
Registered in 0.000887 seconds.
Begin MonoManager ReloadAssembly
Native extension for WindowsStandalone target not found
Native extension for WebGL target not found
Refreshing native plugins compatible for Editor in 0.20 ms, found 0 plugins.
Preloading 0 native plugins for Editor in 0.00 ms.
Invoked RoslynAnalysisRunner static constructor.
RoslynAnalysisRunner will not be running.
RoslynAnalysisRunner has terminated.
Mono: successfully reloaded assembly
- Completed reload, in  0.671 seconds
Platform modules already initialized, skipping
Refreshing native plugins compatible for Editor in 0.32 ms, found 0 plugins.
Preloading 0 native plugins for Editor in 0.00 ms.
Unloading 1113 Unused Serialized files (Serialized files now loaded: 0)
System memory in use before: 70.6 MB.
System memory in use after: 70.7 MB.

Unloading 5 unused Assets to reduce memory usage. Loaded Objects now: 1769.
Total: 1.716100 ms (FindLiveObjects: 0.288800 ms CreateObjectMapping: 0.061400 ms MarkObjects: 1.310100 ms  DeleteObjects: 0.054100 ms)

========================================================================
Received Prepare
Registering precompiled user dll's ...
Registered in 0.000837 seconds.
Begin MonoManager ReloadAssembly
Native extension for WindowsStandalone target not found
Native extension for WebGL target not found
Refreshing native plugins compatible for Editor in 0.19 ms, found 0 plugins.
Preloading 0 native plugins for Editor in 0.00 ms.
Invoked RoslynAnalysisRunner static constructor.
RoslynAnalysisRunner will not be running.
RoslynAnalysisRunner has terminated.
Mono: successfully reloaded assembly
- Completed reload, in  0.703 seconds
Platform modules already initialized, skipping
Refreshing native plugins compatible for Editor in 0.31 ms, found 0 plugins.
Preloading 0 native plugins for Editor in 0.00 ms.
Unloading 1113 Unused Serialized files (Serialized files now loaded: 0)
System memory in use before: 70.6 MB.
System memory in use after: 70.7 MB.

Unloading 5 unused Assets to reduce memory usage. Loaded Objects now: 1772.
Total: 2.544200 ms (FindLiveObjects: 0.261300 ms CreateObjectMapping: 0.065700 ms MarkObjects: 2.137200 ms  DeleteObjects: 0.078600 ms)

========================================================================
Received Prepare
Registering precompiled user dll's ...
Registered in 0.000810 seconds.
Begin MonoManager ReloadAssembly
Native extension for WindowsStandalone target not found
Native extension for WebGL target not found
Refreshing native plugins compatible for Editor in 0.18 ms, found 0 plugins.
Preloading 0 native plugins for Editor in 0.00 ms.
Invoked RoslynAnalysisRunner static constructor.
RoslynAnalysisRunner will not be running.
RoslynAnalysisRunner has terminated.
Mono: successfully reloaded assembly
- Completed reload, in  0.694 seconds
Platform modules already initialized, skipping
Refreshing native plugins compatible for Editor in 0.19 ms, found 0 plugins.
Preloading 0 native plugins for Editor in 0.00 ms.
Unloading 1113 Unused Serialized files (Serialized files now loaded: 0)
System memory in use before: 70.6 MB.
System memory in use after: 70.7 MB.

Unloading 5 unused Assets to reduce memory usage. Loaded Objects now: 1775.
Total: 2.199200 ms (FindLiveObjects: 0.222000 ms CreateObjectMapping: 0.061200 ms MarkObjects: 1.846000 ms  DeleteObjects: 0.068200 ms)

========================================================================
Received Import Request.
  Time since last request: 347.245242 seconds.
  path: Assets/Scripts/DataBase.cs
  artifactKey: Guid(e026ab127647b1249b7fdd2cd781d283) Importer(815301076,1909f56bfc062723c751e8b465ee728b)
Start importing Assets/Scripts/DataBase.cs using Guid(e026ab127647b1249b7fdd2cd781d283) Importer(815301076,1909f56bfc062723c751e8b465ee728b)  -> (artifact id: '3ccfda2bf699f250bba7d5692aaa5d11') in 0.004761 seconds
  Import took 0.006722 seconds .

========================================================================
Received Prepare
Registering precompiled user dll's ...
Registered in 0.000843 seconds.
Begin MonoManager ReloadAssembly
Native extension for WindowsStandalone target not found
Native extension for WebGL target not found
Refreshing native plugins compatible for Editor in 0.21 ms, found 0 plugins.
Preloading 0 native plugins for Editor in 0.00 ms.
Invoked RoslynAnalysisRunner static constructor.
RoslynAnalysisRunner will not be running.
RoslynAnalysisRunner has terminated.
Mono: successfully reloaded assembly
- Completed reload, in  0.670 seconds
Platform modules already initialized, skipping
Refreshing native plugins compatible for Editor in 0.42 ms, found 0 plugins.
Preloading 0 native plugins for Editor in 0.00 ms.
Unloading 1113 Unused Serialized files (Serialized files now loaded: 0)
System memory in use before: 70.6 MB.
System memory in use after: 70.7 MB.

Unloading 5 unused Assets to reduce memory usage. Loaded Objects now: 1778.
Total: 1.942200 ms (FindLiveObjects: 0.253500 ms CreateObjectMapping: 0.066800 ms MarkObjects: 1.544100 ms  DeleteObjects: 0.076500 ms)

========================================================================
Received Prepare
Registering precompiled user dll's ...
Registered in 0.000810 seconds.
Begin MonoManager ReloadAssembly
Native extension for WindowsStandalone target not found
Native extension for WebGL target not found
Refreshing native plugins compatible for Editor in 0.19 ms, found 0 plugins.
Preloading 0 native plugins for Editor in 0.00 ms.
Invoked RoslynAnalysisRunner static constructor.
RoslynAnalysisRunner will not be running.
RoslynAnalysisRunner has terminated.
Mono: successfully reloaded assembly
- Completed reload, in  0.676 seconds
Platform modules already initialized, skipping
Refreshing native plugins compatible for Editor in 0.35 ms, found 0 plugins.
Preloading 0 native plugins for Editor in 0.00 ms.
Unloading 1113 Unused Serialized files (Serialized files now loaded: 0)
System memory in use before: 70.6 MB.
System memory in use after: 70.7 MB.

Unloading 5 unused Assets to reduce memory usage. Loaded Objects now: 1781.
Total: 1.902600 ms (FindLiveObjects: 0.262800 ms CreateObjectMapping: 0.060200 ms MarkObjects: 1.510300 ms  DeleteObjects: 0.067600 ms)

========================================================================
Received Prepare
Registering precompiled user dll's ...
Registered in 0.000913 seconds.
Begin MonoManager ReloadAssembly
Native extension for WindowsStandalone target not found
Native extension for WebGL target not found
Refreshing native plugins compatible for Editor in 0.18 ms, found 0 plugins.
Preloading 0 native plugins for Editor in 0.00 ms.
Invoked RoslynAnalysisRunner static constructor.
RoslynAnalysisRunner will not be running.
RoslynAnalysisRunner has terminated.
Mono: successfully reloaded assembly
- Completed reload, in  0.676 seconds
Platform modules already initialized, skipping
Refreshing native plugins compatible for Editor in 0.20 ms, found 0 plugins.
Preloading 0 native plugins for Editor in 0.00 ms.
Unloading 1113 Unused Serialized files (Serialized files now loaded: 0)
System memory in use before: 70.6 MB.
System memory in use after: 70.7 MB.

Unloading 5 unused Assets to reduce memory usage. Loaded Objects now: 1784.
Total: 2.365900 ms (FindLiveObjects: 0.246600 ms CreateObjectMapping: 0.066000 ms MarkObjects: 1.980500 ms  DeleteObjects: 0.071300 ms)

========================================================================
Received Prepare
Registering precompiled user dll's ...
Registered in 0.001566 seconds.
Begin MonoManager ReloadAssembly
Native extension for WindowsStandalone target not found
Native extension for WebGL target not found
Refreshing native plugins compatible for Editor in 0.20 ms, found 0 plugins.
Preloading 0 native plugins for Editor in 0.00 ms.
Invoked RoslynAnalysisRunner static constructor.
RoslynAnalysisRunner will not be running.
RoslynAnalysisRunner has terminated.
Mono: successfully reloaded assembly
- Completed reload, in  0.814 seconds
Platform modules already initialized, skipping
Refreshing native plugins compatible for Editor in 0.29 ms, found 0 plugins.
Preloading 0 native plugins for Editor in 0.00 ms.
Unloading 1113 Unused Serialized files (Serialized files now loaded: 0)
System memory in use before: 70.6 MB.
System memory in use after: 70.7 MB.

Unloading 5 unused Assets to reduce memory usage. Loaded Objects now: 1787.
Total: 2.303500 ms (FindLiveObjects: 0.242700 ms CreateObjectMapping: 0.057100 ms MarkObjects: 1.924600 ms  DeleteObjects: 0.077700 ms)

========================================================================
Received Prepare
Refreshing native plugins compatible for Editor in 1.55 ms, found 0 plugins.
Preloading 0 native plugins for Editor in 0.00 ms.
Unloading 3 Unused Serialized files (Serialized files now loaded: 0)
System memory in use before: 48.6 MB.
System memory in use after: 48.7 MB.

Unloading 3 unused Assets to reduce memory usage. Loaded Objects now: 1787.
Total: 2.548000 ms (FindLiveObjects: 0.276500 ms CreateObjectMapping: 0.078800 ms MarkObjects: 2.113700 ms  DeleteObjects: 0.074700 ms)

========================================================================
Received Prepare
Refreshing native plugins compatible for Editor in 1.50 ms, found 0 plugins.
Preloading 0 native plugins for Editor in 0.00 ms.
Unloading 3 Unused Serialized files (Serialized files now loaded: 0)
System memory in use before: 48.6 MB.
System memory in use after: 48.7 MB.

Unloading 3 unused Assets to reduce memory usage. Loaded Objects now: 1787.
Total: 2.500800 ms (FindLiveObjects: 0.227100 ms CreateObjectMapping: 0.055100 ms MarkObjects: 2.137000 ms  DeleteObjects: 0.079600 ms)

